2025-06-07 13:12:29,668 [INFO] Activator:176 - 


2025-06-07 13:12:29,673 [INFO] Activator:177 - !SESSION log4j initialized
2025-06-07 13:12:33,731 [ERROR] LogOutputStream:75 - [STDERR_REDIRECT] 6월 07, 2025 1:12:33 오후 org.apache.lucene.internal.vectorization.VectorizationProvider lookup
2025-06-07 13:12:33,734 [ERROR] LogOutputStream:75 - [STDERR_REDIRECT] 경고: Java vector incubator module is not readable. For optimal vector performance, pass '--add-modules jdk.incubator.vector' to enable Vector API.
2025-06-07 13:12:33,734 [ERROR] LogOutputStream:75 - [STDERR_REDIRECT] 
2025-06-07 13:12:34,897 [INFO] LogOutputStream:77 - [STDOUT_REDIRECT] 
2025-06-07 13:12:41,191 [INFO] ApplicationProperties:184 - Using Application install path: C:\ST\STM32CubeIDE_1.18.1\STM32CubeIDE\plugins\com.st.stm32cube.common.mx_6.14.1.202504091515
2025-06-07 13:12:41,212 [INFO] DbMcusXml:78 - Set database path to: C:\ST\STM32CubeIDE_1.18.1\STM32CubeIDE\plugins\com.st.stm32cube.common.mx_6.14.1.202504091515\\db\/mcu/
2025-06-07 13:12:41,212 [INFO] ApiDb:274 - Set plugin database path to: C:\ST\STM32CubeIDE_1.18.1\STM32CubeIDE\plugins\com.st.stm32cube.common.mx_6.14.1.202504091515\\db\/plugins/boardmanager/
2025-06-07 13:12:41,212 [WARN] ApiDb:259 - Overriding images path with different value:  => C:\ST\STM32CubeIDE_1.18.1\STM32CubeIDE\plugins\com.st.stm32cube.common.mx_6.14.1.202504091515\\db\/plugins/mcufinder/images/
2025-06-07 13:12:41,223 [INFO] ApiDb:250 - Set database path to: C:\Users\aiot24_\.stmcufinder\plugins\mcufinder//mcu/
2025-06-07 13:12:41,224 [INFO] DbMcusAds:125 - Set database path to: C:\Users\aiot24_\.stmcufinder\plugins\mcufinder//mcu/
2025-06-07 13:12:41,228 [INFO] CrossReferenceDbSqlite:203 - Set database path to: C:\Users\aiot24_\.stmcufinder\plugins\mcufinder//mcu/cs/
2025-06-07 13:12:41,342 [INFO] RulesReader:64 - Compatibility file has been processed (302 Rules)
2025-06-07 13:12:41,424 [INFO] DbMcusXml:78 - Set database path to: C:\ST\STM32CubeIDE_1.18.1\STM32CubeIDE\plugins\com.st.stm32cube.common.mx_6.14.1.202504091515\\db\/mcu/
2025-06-07 13:12:41,424 [INFO] ApiDb:274 - Set plugin database path to: C:\ST\STM32CubeIDE_1.18.1\STM32CubeIDE\plugins\com.st.stm32cube.common.mx_6.14.1.202504091515\\db\/plugins/boardmanager/
2025-06-07 13:12:41,424 [INFO] ApiDb:261 - Set plugin images path to: C:\ST\STM32CubeIDE_1.18.1\STM32CubeIDE\plugins\com.st.stm32cube.common.mx_6.14.1.202504091515\\db\/plugins/mcufinder/images/
2025-06-07 13:12:41,424 [WARN] DbFile:41 - Overriding database path with different value: C:\Users\aiot24_\.stmcufinder\plugins\mcufinder/ => C:\Users\aiot24_\.stmcufinder\plugins\mcufinder
2025-06-07 13:12:41,425 [INFO] ApiDb:250 - Set database path to: C:\Users\aiot24_\.stmcufinder\plugins\mcufinder//mcu/
2025-06-07 13:12:41,425 [WARN] DbFile:41 - Overriding database path with different value: C:\Users\aiot24_\.stmcufinder\plugins\mcufinder/ => C:\Users\aiot24_\.stmcufinder\plugins\mcufinder
2025-06-07 13:12:41,425 [INFO] DbMcusAds:125 - Set database path to: C:\Users\aiot24_\.stmcufinder\plugins\mcufinder//mcu/
2025-06-07 13:12:41,425 [WARN] DbFile:41 - Overriding database path with different value: C:\Users\aiot24_\.stmcufinder\plugins\mcufinder/ => C:\Users\aiot24_\.stmcufinder\plugins\mcufinder
2025-06-07 13:12:41,425 [WARN] DbFile:41 - Overriding database path with different value: C:\Users\aiot24_\.stmcufinder\plugins\mcufinder/ => C:\Users\aiot24_\.stmcufinder\plugins\mcufinder
2025-06-07 13:12:41,425 [INFO] CrossReferenceDbSqlite:203 - Set database path to: C:\Users\aiot24_\.stmcufinder\plugins\mcufinder//mcu/cs/
2025-06-07 13:12:41,499 [INFO] MainPanel:272 - HeapMemory: 268435456
2025-06-07 13:12:41,635 [INFO] DbMcusXml:78 - Set database path to: C:\ST\STM32CubeIDE_1.18.1\STM32CubeIDE\plugins\com.st.stm32cube.common.mx_6.14.1.202504091515\\db\/mcu/
2025-06-07 13:12:41,635 [INFO] ApiDb:274 - Set plugin database path to: C:\ST\STM32CubeIDE_1.18.1\STM32CubeIDE\plugins\com.st.stm32cube.common.mx_6.14.1.202504091515\\db\/plugins/boardmanager/
2025-06-07 13:12:41,635 [INFO] ApiDb:261 - Set plugin images path to: C:\ST\STM32CubeIDE_1.18.1\STM32CubeIDE\plugins\com.st.stm32cube.common.mx_6.14.1.202504091515\\db\/plugins/mcufinder/images/
2025-06-07 13:12:41,636 [WARN] DbFile:41 - Overriding database path with different value: C:\Users\aiot24_\.stmcufinder\plugins\mcufinder/ => C:\Users\aiot24_\.stmcufinder\plugins\mcufinder
2025-06-07 13:12:41,636 [INFO] ApiDb:250 - Set database path to: C:\Users\aiot24_\.stmcufinder\plugins\mcufinder//mcu/
2025-06-07 13:12:41,636 [WARN] DbFile:41 - Overriding database path with different value: C:\Users\aiot24_\.stmcufinder\plugins\mcufinder/ => C:\Users\aiot24_\.stmcufinder\plugins\mcufinder
2025-06-07 13:12:41,636 [INFO] DbMcusAds:125 - Set database path to: C:\Users\aiot24_\.stmcufinder\plugins\mcufinder//mcu/
2025-06-07 13:12:41,636 [WARN] DbFile:41 - Overriding database path with different value: C:\Users\aiot24_\.stmcufinder\plugins\mcufinder/ => C:\Users\aiot24_\.stmcufinder\plugins\mcufinder
2025-06-07 13:12:41,636 [WARN] DbFile:41 - Overriding database path with different value: C:\Users\aiot24_\.stmcufinder\plugins\mcufinder/ => C:\Users\aiot24_\.stmcufinder\plugins\mcufinder
2025-06-07 13:12:41,636 [INFO] CrossReferenceDbSqlite:203 - Set database path to: C:\Users\aiot24_\.stmcufinder\plugins\mcufinder//mcu/cs/
2025-06-07 13:12:41,652 [INFO] ApplicationProperties:184 - Using Application install path: C:\ST\STM32CubeIDE_1.18.1\STM32CubeIDE\plugins\com.st.stm32cube.common.mx_6.14.1.202504091515
2025-06-07 13:12:41,653 [INFO] PluginManage:196 - Search for loadable plugins [exclusion list=, ]
2025-06-07 13:12:41,654 [INFO] PluginManage:310 - Check plugin analytics
2025-06-07 13:12:46,776 [INFO] AnalyticsPlugin:253 - Accepted Software Licenses: 
2025-06-07 13:12:46,776 [INFO] AnalyticsPlugin:255 - Accepted CMSIS Pack Licenses: 
2025-06-07 13:12:46,776 [INFO] AnalyticsPlugin:257 - Accepted Firmware Licenses: FW.F4.1.28.0
2025-06-07 13:12:46,778 [INFO] PluginManage:359 - Loaded plugin analytics (category:tool,tabindex:-1)
2025-06-07 13:12:46,779 [INFO] PluginManage:310 - Check plugin cadmodel
2025-06-07 13:12:46,785 [INFO] CADModel:105 - Init CAD model plugin
2025-06-07 13:12:46,785 [INFO] PluginManage:359 - Loaded plugin cadmodel (category:power,tabindex:5)
2025-06-07 13:12:46,785 [INFO] PluginManage:310 - Check plugin clock
2025-06-07 13:12:46,796 [INFO] PluginManage:359 - Loaded plugin clock (category:base,tabindex:2)
2025-06-07 13:12:46,796 [INFO] PluginManage:310 - Check plugin ddr
2025-06-07 13:12:46,799 [INFO] PluginManage:359 - Loaded plugin ddr (category:tool,tabindex:6)
2025-06-07 13:12:46,800 [INFO] PluginManage:310 - Check plugin filemanager
2025-06-07 13:12:46,935 [INFO] PluginManage:359 - Loaded plugin filemanager (category:base,tabindex:10)
2025-06-07 13:12:46,935 [INFO] PluginManage:310 - Check plugin ipmanager
2025-06-07 13:12:46,941 [INFO] PluginManage:359 - Loaded plugin ipmanager (category:base,tabindex:5)
2025-06-07 13:12:46,941 [INFO] PluginManage:310 - Check plugin lpbam
2025-06-07 13:12:46,948 [INFO] PluginManage:359 - Loaded plugin lpbam (category:base,tabindex:0)
2025-06-07 13:12:46,948 [INFO] PluginManage:310 - Check plugin memorymap
2025-06-07 13:12:46,962 [INFO] PluginManage:359 - Loaded plugin memorymap (category:base,tabindex:4)
2025-06-07 13:12:46,962 [INFO] PluginManage:310 - Check plugin pinoutandconfiguration
2025-06-07 13:12:46,973 [INFO] PluginManage:359 - Loaded plugin pinoutandconfiguration (category:base,tabindex:1)
2025-06-07 13:12:46,973 [INFO] PluginManage:310 - Check plugin pinoutconfig
2025-06-07 13:12:47,059 [WARN] SupportedApi:132 - Cannot load RTOS API schema: s4s-elt-must-match.1: The content of 'definitions' must match (annotation?, (simpleType | complexType)?, (unique | key | keyref)*)). A problem was found starting at: attribute.
2025-06-07 13:12:47,184 [INFO] PluginManage:359 - Loaded plugin pinoutconfig (category:base,tabindex:0)
2025-06-07 13:12:47,184 [INFO] PluginManage:310 - Check plugin power
2025-06-07 13:12:47,198 [INFO] PluginManage:359 - Loaded plugin power (category:power,tabindex:4)
2025-06-07 13:12:47,199 [INFO] PluginManage:310 - Check plugin projectmanager
2025-06-07 13:12:47,211 [INFO] PluginManage:359 - Loaded plugin projectmanager (category:projectmanager,tabindex:4)
2025-06-07 13:12:47,211 [INFO] PluginManage:310 - Check plugin rif
2025-06-07 13:12:47,218 [INFO] PluginManage:359 - Loaded plugin rif (category:base,tabindex:3)
2025-06-07 13:12:47,218 [INFO] PluginManage:310 - Check plugin thirdparty
2025-06-07 13:12:47,345 [INFO] PluginManage:359 - Loaded plugin thirdparty (category:base,tabindex:-1)
2025-06-07 13:12:47,345 [INFO] PluginManage:310 - Check plugin tools
2025-06-07 13:12:47,345 [WARN] IntegrityCheckThread:84 - waiting for thirdparty lock release [integrity check]
2025-06-07 13:12:47,345 [INFO] IntegrityCheckThread:86 - entering critical section [integrity check]
2025-06-07 13:12:47,346 [INFO] ThirdPartyUpdaterWithRetryManager:70 - Updater plugin not ready yet. [1/15]
2025-06-07 13:12:47,348 [INFO] PluginManage:359 - Loaded plugin tools (category:base,tabindex:7)
2025-06-07 13:12:47,348 [INFO] PluginManage:310 - Check plugin tutovideos
2025-06-07 13:12:47,524 [INFO] PluginManage:359 - Loaded plugin tutovideos (category:base,tabindex:-1)
2025-06-07 13:12:47,524 [INFO] PluginManage:310 - Check plugin updater
2025-06-07 13:12:47,541 [INFO] PluginManage:359 - Loaded plugin updater (category:base,tabindex:12)
2025-06-07 13:12:47,541 [INFO] PluginManage:310 - Check plugin userauth
2025-06-07 13:12:47,548 [INFO] UserAuth:118 - Init User Auth plugin
2025-06-07 13:12:47,548 [INFO] PluginManage:359 - Loaded plugin userauth (category:base,tabindex:14)
2025-06-07 13:12:47,548 [INFO] PluginManage:283 - PluginManage : Loaded plugins [18]
2025-06-07 13:12:47,722 [INFO] PinOutPanel:1589 - setPackage(No Configuration,No Configuration)
2025-06-07 13:12:47,789 [INFO] CADModel:165 - CPN selected for project level
2025-06-07 13:12:47,789 [INFO] CADModel:114 - Register for checkConnection events
2025-06-07 13:12:47,810 [INFO] IPUIPlugin:80 - create IPUIPlugin
2025-06-07 13:12:47,810 [INFO] PluginManager:220 - loadIPPluginJar : add adc
2025-06-07 13:12:47,813 [INFO] IPUIPlugin:80 - create IPUIPlugin
2025-06-07 13:12:47,813 [INFO] PluginManager:220 - loadIPPluginJar : add aes
2025-06-07 13:12:47,816 [INFO] IPUIPlugin:80 - create IPUIPlugin
2025-06-07 13:12:47,816 [INFO] PluginManager:220 - loadIPPluginJar : add can
2025-06-07 13:12:47,817 [INFO] IPUIPlugin:80 - create IPUIPlugin
2025-06-07 13:12:47,817 [INFO] PluginManager:220 - loadIPPluginJar : add comp
2025-06-07 13:12:47,820 [INFO] IPUIPlugin:80 - create IPUIPlugin
2025-06-07 13:12:47,820 [INFO] PluginManager:220 - loadIPPluginJar : add cryp
2025-06-07 13:12:47,823 [INFO] IPUIPlugin:80 - create IPUIPlugin
2025-06-07 13:12:47,823 [INFO] PluginManager:220 - loadIPPluginJar : add ddr_ctrl_phy
2025-06-07 13:12:47,825 [INFO] IPUIPlugin:80 - create IPUIPlugin
2025-06-07 13:12:47,825 [INFO] PluginManager:220 - loadIPPluginJar : add dfsdm
2025-06-07 13:12:47,830 [INFO] IPUIPlugin:80 - create IPUIPlugin
2025-06-07 13:12:47,830 [INFO] PluginManager:220 - loadIPPluginJar : add dma
2025-06-07 13:12:47,833 [INFO] IPUIPlugin:80 - create IPUIPlugin
2025-06-07 13:12:47,833 [INFO] PluginManager:220 - loadIPPluginJar : add dma3
2025-06-07 13:12:47,836 [INFO] IPUIPlugin:80 - create IPUIPlugin
2025-06-07 13:12:47,836 [INFO] PluginManager:220 - loadIPPluginJar : add extmemmanager
2025-06-07 13:12:47,838 [INFO] IPUIPlugin:80 - create IPUIPlugin
2025-06-07 13:12:47,838 [INFO] PluginManager:220 - loadIPPluginJar : add fatfs
2025-06-07 13:12:47,843 [INFO] IPUIPlugin:80 - create IPUIPlugin
2025-06-07 13:12:47,843 [INFO] PluginManager:220 - loadIPPluginJar : add fmc
2025-06-07 13:12:47,857 [INFO] IPUIPlugin:80 - create IPUIPlugin
2025-06-07 13:12:47,857 [INFO] PluginManager:220 - loadIPPluginJar : add freertos
2025-06-07 13:12:47,858 [INFO] IPUIPlugin:80 - create IPUIPlugin
2025-06-07 13:12:47,858 [INFO] PluginManager:220 - loadIPPluginJar : add genericplugin
2025-06-07 13:12:47,860 [INFO] IPUIPlugin:80 - create IPUIPlugin
2025-06-07 13:12:47,860 [INFO] PluginManager:220 - loadIPPluginJar : add gfxmmu
2025-06-07 13:12:47,864 [INFO] IPUIPlugin:80 - create IPUIPlugin
2025-06-07 13:12:47,864 [INFO] PluginManager:220 - loadIPPluginJar : add gic
2025-06-07 13:12:47,869 [INFO] IPUIPlugin:80 - create IPUIPlugin
2025-06-07 13:12:47,870 [INFO] PluginManager:220 - loadIPPluginJar : add gpio
2025-06-07 13:12:47,872 [INFO] IPUIPlugin:80 - create IPUIPlugin
2025-06-07 13:12:47,872 [INFO] PluginManager:220 - loadIPPluginJar : add gtzc
2025-06-07 13:12:47,874 [INFO] IPUIPlugin:80 - create IPUIPlugin
2025-06-07 13:12:47,874 [INFO] PluginManager:220 - loadIPPluginJar : add hash
2025-06-07 13:12:47,877 [INFO] IPUIPlugin:80 - create IPUIPlugin
2025-06-07 13:12:47,877 [INFO] PluginManager:220 - loadIPPluginJar : add i2c
2025-06-07 13:12:47,880 [INFO] IPUIPlugin:80 - create IPUIPlugin
2025-06-07 13:12:47,880 [INFO] PluginManager:220 - loadIPPluginJar : add i2s
2025-06-07 13:12:47,882 [INFO] IPUIPlugin:80 - create IPUIPlugin
2025-06-07 13:12:47,882 [INFO] PluginManager:220 - loadIPPluginJar : add i3c
2025-06-07 13:12:47,886 [INFO] IPUIPlugin:80 - create IPUIPlugin
2025-06-07 13:12:47,886 [INFO] PluginManager:220 - loadIPPluginJar : add ipddr
2025-06-07 13:12:47,891 [INFO] IPUIPlugin:80 - create IPUIPlugin
2025-06-07 13:12:47,891 [INFO] PluginManager:220 - loadIPPluginJar : add linkedlist
2025-06-07 13:12:47,894 [INFO] IPUIPlugin:80 - create IPUIPlugin
2025-06-07 13:12:47,894 [INFO] PluginManager:220 - loadIPPluginJar : add lorawan
2025-06-07 13:12:47,895 [INFO] IPUIPlugin:80 - create IPUIPlugin
2025-06-07 13:12:47,895 [INFO] PluginManager:220 - loadIPPluginJar : add ltdc
2025-06-07 13:12:47,900 [INFO] IPUIPlugin:80 - create IPUIPlugin
2025-06-07 13:12:47,900 [INFO] PluginManager:220 - loadIPPluginJar : add mdma
2025-06-07 13:12:47,904 [INFO] IPUIPlugin:80 - create IPUIPlugin
2025-06-07 13:12:47,904 [INFO] PluginManager:220 - loadIPPluginJar : add nvic
2025-06-07 13:12:47,907 [INFO] IPUIPlugin:80 - create IPUIPlugin
2025-06-07 13:12:47,907 [INFO] PluginManager:220 - loadIPPluginJar : add opamp
2025-06-07 13:12:47,909 [INFO] IPUIPlugin:80 - create IPUIPlugin
2025-06-07 13:12:47,909 [INFO] PluginManager:220 - loadIPPluginJar : add openamp
2025-06-07 13:12:47,912 [INFO] IPUIPlugin:80 - create IPUIPlugin
2025-06-07 13:12:47,912 [INFO] PluginManager:220 - loadIPPluginJar : add pdm2pcm
2025-06-07 13:12:47,917 [INFO] IPUIPlugin:80 - create IPUIPlugin
2025-06-07 13:12:47,919 [INFO] PluginManager:220 - loadIPPluginJar : add plateformsettings
2025-06-07 13:12:47,921 [INFO] IPUIPlugin:80 - create IPUIPlugin
2025-06-07 13:12:47,922 [INFO] PluginManager:220 - loadIPPluginJar : add quadspi
2025-06-07 13:12:47,923 [INFO] IPUIPlugin:80 - create IPUIPlugin
2025-06-07 13:12:47,924 [INFO] PluginManager:220 - loadIPPluginJar : add radio
2025-06-07 13:12:47,928 [INFO] IPUIPlugin:80 - create IPUIPlugin
2025-06-07 13:12:47,928 [INFO] PluginManager:220 - loadIPPluginJar : add resmgrutility
2025-06-07 13:12:47,931 [INFO] IPUIPlugin:80 - create IPUIPlugin
2025-06-07 13:12:47,931 [INFO] PluginManager:220 - loadIPPluginJar : add sai
2025-06-07 13:12:47,933 [INFO] IPUIPlugin:80 - create IPUIPlugin
2025-06-07 13:12:47,933 [INFO] PluginManager:220 - loadIPPluginJar : add spi
2025-06-07 13:12:47,938 [INFO] IPUIPlugin:80 - create IPUIPlugin
2025-06-07 13:12:47,939 [INFO] PluginManager:220 - loadIPPluginJar : add stm32_wpan
2025-06-07 13:12:47,940 [INFO] IPUIPlugin:80 - create IPUIPlugin
2025-06-07 13:12:47,940 [INFO] PluginManager:220 - loadIPPluginJar : add tim
2025-06-07 13:12:47,944 [INFO] IPUIPlugin:80 - create IPUIPlugin
2025-06-07 13:12:47,944 [INFO] PluginManager:220 - loadIPPluginJar : add touchsensing
2025-06-07 13:12:47,947 [INFO] IPUIPlugin:80 - create IPUIPlugin
2025-06-07 13:12:47,947 [INFO] PluginManager:220 - loadIPPluginJar : add tracer_emb
2025-06-07 13:12:47,949 [INFO] IPUIPlugin:80 - create IPUIPlugin
2025-06-07 13:12:47,949 [INFO] PluginManager:220 - loadIPPluginJar : add ts
2025-06-07 13:12:47,950 [INFO] IPUIPlugin:80 - create IPUIPlugin
2025-06-07 13:12:47,950 [INFO] PluginManager:220 - loadIPPluginJar : add tsc
2025-06-07 13:12:47,952 [INFO] IPUIPlugin:80 - create IPUIPlugin
2025-06-07 13:12:47,952 [INFO] PluginManager:220 - loadIPPluginJar : add ucpd
2025-06-07 13:12:47,955 [INFO] IPUIPlugin:80 - create IPUIPlugin
2025-06-07 13:12:47,955 [INFO] PluginManager:220 - loadIPPluginJar : add usart
2025-06-07 13:12:47,958 [INFO] IPUIPlugin:80 - create IPUIPlugin
2025-06-07 13:12:47,958 [INFO] PluginManager:220 - loadIPPluginJar : add usbx
2025-06-07 13:12:48,074 [FATAL] Updater:351 - Updater called before beeing initialized
2025-06-07 13:12:48,096 [INFO] RulesReader:64 - Compatibility file has been processed (302 Rules)
2025-06-07 13:12:48,103 [INFO] RulesReader:64 - Compatibility file has been processed (302 Rules)
2025-06-07 13:12:48,112 [INFO] CADModel:165 - CPN selected for project level
2025-06-07 13:12:48,112 [INFO] CADModel:114 - Register for checkConnection events
2025-06-07 13:12:48,112 [FATAL] Updater:351 - Updater called before beeing initialized
2025-06-07 13:12:48,113 [ERROR] CADModel:125 - Updater not yet initialized, retry later 
2025-06-07 13:12:48,259 [FATAL] Updater:351 - Updater called before beeing initialized
2025-06-07 13:12:48,261 [INFO] CADModel:165 - CPN selected for project level
2025-06-07 13:12:48,261 [INFO] CADModel:114 - Register for checkConnection events
2025-06-07 13:12:48,261 [FATAL] Updater:351 - Updater called before beeing initialized
2025-06-07 13:12:48,261 [ERROR] CADModel:125 - Updater not yet initialized, retry later 
2025-06-07 13:12:48,265 [FATAL] Updater:351 - Updater called before beeing initialized
2025-06-07 13:12:48,375 [FATAL] Updater:351 - Updater called before beeing initialized
2025-06-07 13:12:48,379 [INFO] DbMcusAds:53 - JSON generation date=Wed May 07 18:07:55 KST 2025 (1746608875484)
2025-06-07 13:12:48,379 [FATAL] Updater:351 - Updater called before beeing initialized
2025-06-07 13:12:48,420 [WARN] DetailPanel:346 - Failed to get advertising image, set to default
2025-06-07 13:12:48,623 [FATAL] Updater:351 - Updater called before beeing initialized
2025-06-07 13:12:48,625 [FATAL] Updater:351 - Updater called before beeing initialized
2025-06-07 13:12:48,625 [FATAL] Updater:351 - Updater called before beeing initialized
2025-06-07 13:12:48,625 [WARN] DetailPanel:346 - Failed to get advertising image, set to default
2025-06-07 13:12:48,626 [FATAL] Updater:351 - Updater called before beeing initialized
2025-06-07 13:12:48,664 [ERROR] Updater:1198 - MainUpdater not yet initialized. External WinMGr cannot be set.
2025-06-07 13:12:48,665 [INFO] Updater:1134 - Updater Version found : 6.14.1
2025-06-07 13:12:48,688 [INFO] ApplicationProperties:184 - Using Application install path: C:\ST\STM32CubeIDE_1.18.1\STM32CubeIDE\plugins\com.st.stm32cube.common.mx_6.14.1.202504091515
2025-06-07 13:12:50,255 [ERROR] LogOutputStream:75 - [STDERR_REDIRECT] Jun 07, 2025 1:12:50 PM java.util.prefs.WindowsPreferences <init>
2025-06-07 13:12:50,257 [ERROR] LogOutputStream:75 - [STDERR_REDIRECT] WARNING: Could not open/create prefs root node Software\JavaSoft\Prefs at root 0xffffffff80000002. Windows RegCreateKeyEx(...) returned error code 5.
2025-06-07 13:12:50,257 [ERROR] LogOutputStream:75 - [STDERR_REDIRECT] 
2025-06-07 13:12:50,347 [INFO] ThirdPartyUpdaterWithRetryManager:70 - Updater plugin not ready yet. [2/15]
2025-06-07 13:12:50,615 [INFO] MainUpdater:2872 - connection check result : 10
2025-06-07 13:12:50,615 [INFO] MainUpdater:3566 - Updater definition file requires update
2025-06-07 13:12:50,616 [INFO] MainUpdater:289 - Updater Check For Update Now.
2025-06-07 13:12:50,616 [INFO] MicroXplorer:498 - Change Database Version : DB.6.0.141
2025-06-07 13:12:50,622 [INFO] McuFinderGlobals:63 - Set McuFinder mode to 2 (CubeIDE integrated)
2025-06-07 13:12:50,624 [INFO] UserAuth:484 - Internet connection configuration mode: 1
2025-06-07 13:12:50,649 [INFO] JxBrowserEngine:152 - Initiate JxBrowser Engine with user profile folder
2025-06-07 13:12:50,666 [INFO] ServerAccessManage:473 - Download File updaters.zip
2025-06-07 13:12:50,783 [INFO] FileExtend:242 - Unzip File : updaters.zip
2025-06-07 13:12:50,783 [INFO] FileExtend:257 - Standard Zip Deflate
2025-06-07 13:12:51,064 [INFO] ServerAccessManage:473 - Download File PacksControlFlags.xml
2025-06-07 13:12:51,150 [INFO] ServerAccessManage:473 - Download File cubemx.pidx
2025-06-07 13:12:52,926 [INFO] ServerAccessManage:473 - Download File STMicroelectronics.X-CUBE-ST67W61.pdsc
2025-06-07 13:12:53,010 [INFO] WebApp:169 - Instantiating new browser for Auth
2025-06-07 13:12:53,348 [WARN] MainUpdater:1193 - Updater busy. Cannot search thirdparties
2025-06-07 13:12:53,350 [INFO] ThirdPartyUpdaterWithRetryManager:96 - Updater plugin is busy. [1/15]
2025-06-07 13:12:53,452 [WARN] PackLoader:240 - Cannot read IP mode file for STMicroelectronics.X-CUBE-ST67W61.1.0.0
2025-06-07 13:12:53,454 [INFO] PopulateThirdPartyThread:66 - Ending populate Thread
2025-06-07 13:12:53,455 [INFO] ThirdParty:1030 - CMSIS Pack Vendor :STMicroelectronics X-CUBE-ST67W61 1.0.0
2025-06-07 13:12:53,455 [INFO] LoadServerUpdatesThread:375 - End of LoadServerUpdate Thread
2025-06-07 13:12:53,565 [INFO] CheckServerUpdateThread:120 - End of CheckServer Thread
2025-06-07 13:12:53,717 [INFO] WebApp:463 - Apply proxy settings
2025-06-07 13:12:53,718 [INFO] WebApp:548 - Chromium requires no authentication
2025-06-07 13:12:53,725 [INFO] WebApp:491 - Direct internet connection detected
2025-06-07 13:12:53,750 [INFO] WebApp:894 - Register for checkConnection events
2025-06-07 13:12:53,750 [INFO] WebApp:463 - Apply proxy settings
2025-06-07 13:12:53,750 [INFO] WebApp:548 - Chromium requires no authentication
2025-06-07 13:12:53,751 [INFO] WebApp:491 - Direct internet connection detected
2025-06-07 13:12:53,897 [INFO] WebApp:225 - Starting web application
2025-06-07 13:12:53,898 [INFO] WebApp:593 - Web application path used C:\ST\STM32CubeIDE_1.18.1\STM32CubeIDE\plugins\com.st.stm32cube.common.mx_6.14.1.202504091515\db\plugins\mcufinder\reactClient1\index.html
2025-06-07 13:12:54,037 [INFO] UserAuth:484 - Internet connection configuration mode: 1
2025-06-07 13:12:54,062 [INFO] WebApp:191 - Connection restablished
2025-06-07 13:12:56,503 [WARN] PackLoader:240 - Cannot read IP mode file for STMicroelectronics.FP-SNS-MOTENVWB1.1.4.0
2025-06-07 13:12:56,508 [WARN] PackLoader:240 - Cannot read IP mode file for STMicroelectronics.FP-ATR-ASTRA1.2.0.2
2025-06-07 13:12:56,513 [WARN] PackLoader:240 - Cannot read IP mode file for STMicroelectronics.X-CUBE-SMBUS.2.1.0
2025-06-07 13:12:56,537 [WARN] PackLoader:240 - Cannot read IP mode file for STMicroelectronics.X-CUBE-AZRTOS-F7.1.1.0
2025-06-07 13:12:56,557 [WARN] PackLoader:240 - Cannot read IP mode file for Infineon.AIROC-Wi-Fi-Bluetooth-STM32.1.7.0
2025-06-07 13:12:56,567 [WARN] PackLoader:240 - Cannot read IP mode file for STMicroelectronics.X-CUBE-DISPLAY.3.0.0
2025-06-07 13:12:56,582 [WARN] PackLoader:240 - Cannot read IP mode file for STMicroelectronics.X-CUBE-NFC10.1.0.0
2025-06-07 13:12:56,591 [WARN] PackLoader:240 - Cannot read IP mode file for STMicroelectronics.X-CUBE-BLEMGR.4.0.0
2025-06-07 13:12:56,597 [WARN] PackLoader:240 - Cannot read IP mode file for emotas.I-CUBE-CANOPEN.1.3.0
2025-06-07 13:12:56,603 [WARN] ConditionMgr:438 - getConditionDescription Invalid condition id : Cortex-A Device cause : null
2025-06-07 13:12:56,610 [WARN] ConditionMgr:1044 - genDependencies : Invalid condition id : Cortex-A Device cause : null
2025-06-07 13:12:56,611 [WARN] ConditionMgr:1044 - genDependencies : Invalid condition id : Cortex-A Device cause : null
2025-06-07 13:12:56,611 [WARN] ConditionMgr:1044 - genDependencies : Invalid condition id : Cortex-A Device cause : null
2025-06-07 13:12:56,614 [WARN] PackLoader:240 - Cannot read IP mode file for STMicroelectronics.X-CUBE-AI.10.0.0
2025-06-07 13:12:56,618 [WARN] PackLoader:240 - Cannot read IP mode file for STMicroelectronics.FP-SNS-SMARTAG2.1.2.0
2025-06-07 13:12:56,621 [WARN] PackLoader:240 - Cannot read IP mode file for STMicroelectronics.FP-SNS-FLIGHT1.5.1.0
2025-06-07 13:12:56,628 [INFO] LogOutputStream:77 - [STDOUT_REDIRECT] 1 : Invalid condition id : UX_CORESTACK_Condition cause : null
2025-06-07 13:12:56,629 [INFO] LogOutputStream:77 - [STDOUT_REDIRECT] 1 : Invalid condition id : UX_CORESTACK_Condition cause : null
2025-06-07 13:12:56,630 [INFO] LogOutputStream:77 - [STDOUT_REDIRECT] 1 : Invalid condition id : UX_CORESTACK_Condition cause : null
2025-06-07 13:12:56,631 [INFO] LogOutputStream:77 - [STDOUT_REDIRECT] 1 : Invalid condition id : UX_CORESTACK_Condition cause : null
2025-06-07 13:12:56,631 [INFO] LogOutputStream:77 - [STDOUT_REDIRECT] 1 : Invalid condition id : UX_CORESTACK_Condition cause : null
2025-06-07 13:12:56,634 [WARN] PackLoader:240 - Cannot read IP mode file for STMicroelectronics.X-CUBE-AZRTOS-WL.2.0.0
2025-06-07 13:12:56,638 [WARN] PackLoader:240 - Cannot read IP mode file for STMicroelectronics.FP-SNS-MOTENV1.5.0.0
2025-06-07 13:12:56,644 [WARN] PackLoader:240 - Cannot read IP mode file for WES.I-CUBE-Cesium.1.3.0
2025-06-07 13:12:56,648 [WARN] PackLoader:240 - Cannot read IP mode file for STMicroelectronics.X-CUBE-BLE2.3.3.0
2025-06-07 13:12:56,653 [WARN] PackLoader:240 - Cannot read IP mode file for STMicroelectronics.X-CUBE-NFC9.1.0.0
2025-06-07 13:12:56,657 [WARN] PackLoader:240 - Cannot read IP mode file for wolfSSL.I-CUBE-wolfSSL.5.8.0
2025-06-07 13:12:56,662 [WARN] PackLoader:240 - Cannot read IP mode file for STMicroelectronics.X-CUBE-BLE1.7.1.0
2025-06-07 13:12:56,666 [WARN] PackLoader:240 - Cannot read IP mode file for wolfSSL.I-CUBE-wolfMQTT.1.19.2
2025-06-07 13:12:56,670 [WARN] PackLoader:240 - Cannot read IP mode file for STMicroelectronics.X-CUBE-AI.10.1.0
2025-06-07 13:12:56,708 [WARN] PackLoader:240 - Cannot read IP mode file for STMicroelectronics.X-CUBE-MEMS1.11.2.0
2025-06-07 13:12:56,809 [WARN] PackLoader:240 - Cannot read IP mode file for STMicroelectronics.X-CUBE-AZRTOS-G0.1.1.0
2025-06-07 13:12:56,814 [WARN] PackLoader:240 - Cannot read IP mode file for STMicroelectronics.X-CUBE-SAFEA1.1.2.2
2025-06-07 13:12:56,818 [WARN] PackLoader:240 - Cannot read IP mode file for STMicroelectronics.X-CUBE-NFC4.3.0.0
2025-06-07 13:12:56,824 [WARN] PackLoader:240 - Cannot read IP mode file for EmbeddedOffice.I-CUBE-FS-RTOS.1.0.1
2025-06-07 13:12:56,828 [WARN] PackLoader:240 - Cannot read IP mode file for STMicroelectronics.X-CUBE-WB05N.2.0.0
2025-06-07 13:12:56,831 [WARN] PackLoader:240 - Cannot read IP mode file for wolfSSL.I-CUBE-wolfTPM.3.8.0
2025-06-07 13:12:56,835 [WARN] PackLoader:240 - Cannot read IP mode file for STMicroelectronics.X-CUBE-TCPP.4.2.0
2025-06-07 13:12:56,839 [WARN] PackLoader:240 - Cannot read IP mode file for RealThread.X-CUBE-RT-Thread_Nano.4.1.1
2025-06-07 13:12:56,842 [WARN] PackLoader:240 - Cannot read IP mode file for STMicroelectronics.FP-ATR-SIGFOX1.3.2.0
2025-06-07 13:12:56,847 [WARN] PackLoader:240 - Cannot read IP mode file for STMicroelectronics.X-CUBE-EEPRMA1.5.1.0
2025-06-07 13:12:56,852 [WARN] PackLoader:240 - Cannot read IP mode file for ITTIA_DB.I-CUBE-ITTIADB.8.9.0
2025-06-07 13:12:56,855 [WARN] PackLoader:240 - Cannot read IP mode file for STMicroelectronics.X-CUBE-ST67W61.1.0.0
2025-06-07 13:12:56,870 [WARN] PackLoader:240 - Cannot read IP mode file for SEGGER.I-CUBE-embOS.1.3.1
2025-06-07 13:12:56,898 [WARN] PackLoader:240 - Cannot read IP mode file for STMicroelectronics.X-CUBE-ALGOBUILD.1.4.0
2025-06-07 13:12:56,909 [WARN] PackLoader:240 - Cannot read IP mode file for STMicroelectronics.X-CUBE-AZRTOS-F4.1.1.0
2025-06-07 13:12:56,915 [WARN] PackLoader:240 - Cannot read IP mode file for Avnet-IotConnect.X-CUBE-IoTC-DA16k-PMOD.1.0.0
2025-06-07 13:12:56,918 [WARN] PackLoader:240 - Cannot read IP mode file for STMicroelectronics.X-CUBE-ISPU.2.1.0
2025-06-07 13:12:56,928 [WARN] PackLoader:240 - Cannot read IP mode file for STMicroelectronics.X-CUBE-AZRTOS-L5.2.0.0
2025-06-07 13:12:56,934 [WARN] PackLoader:240 - Cannot read IP mode file for STMicroelectronics.X-CUBE-NFC6.3.1.0
2025-06-07 13:12:56,939 [WARN] PackLoader:240 - Cannot read IP mode file for STMicroelectronics.X-CUBE-FREERTOS.1.3.1
2025-06-07 13:12:56,942 [WARN] PackLoader:240 - Cannot read IP mode file for STMicroelectronics.X-CUBE-DPower.1.3.0
2025-06-07 13:12:56,952 [WARN] ConditionMgr:438 - getConditionDescription Invalid condition id : LAN8742 Phy interface Condition cause : null
2025-06-07 13:12:56,953 [WARN] PackLoader:240 - Cannot read IP mode file for STMicroelectronics.X-CUBE-AZRTOS-L4.2.0.0
2025-06-07 13:12:56,953 [WARN] ConditionMgr:1044 - genDependencies : Invalid condition id : LAN8742 Phy interface Condition cause : null
2025-06-07 13:12:56,953 [WARN] ConditionMgr:1044 - genDependencies : Invalid condition id : LAN8742 Phy interface Condition cause : null
2025-06-07 13:12:56,954 [WARN] ConditionMgr:1044 - genDependencies : Invalid condition id : LAN8742 Phy interface Condition cause : null
2025-06-07 13:12:56,959 [WARN] PackLoader:240 - Cannot read IP mode file for STMicroelectronics.X-CUBE-SFXS2LP1.4.0.0
2025-06-07 13:12:56,970 [WARN] PackLoader:240 - Cannot read IP mode file for STMicroelectronics.X-CUBE-AZRTOS-H7.3.3.0
2025-06-07 13:12:56,980 [WARN] ConditionMgr:438 - getConditionDescription Invalid condition id : UX DEVICE CLASS RTOS Condition cause : null
2025-06-07 13:12:56,980 [WARN] ConditionMgr:438 - getConditionDescription Invalid condition id : UX DEVICE CLASS RTOS Condition cause : null
2025-06-07 13:12:56,982 [WARN] PackLoader:240 - Cannot read IP mode file for STMicroelectronics.X-CUBE-AZRTOS-WB.2.0.0
2025-06-07 13:12:56,982 [WARN] ConditionMgr:1044 - genDependencies : Invalid condition id : UX DEVICE CLASS RTOS Condition cause : null
2025-06-07 13:12:56,982 [WARN] ConditionMgr:1044 - genDependencies : Invalid condition id : UX DEVICE CLASS RTOS Condition cause : null
2025-06-07 13:12:56,983 [WARN] ConditionMgr:1044 - genDependencies : Invalid condition id : UX DEVICE CLASS RTOS Condition cause : null
2025-06-07 13:12:56,983 [WARN] ConditionMgr:1044 - genDependencies : Invalid condition id : UX DEVICE CLASS RTOS Condition cause : null
2025-06-07 13:12:56,983 [WARN] ConditionMgr:1044 - genDependencies : Invalid condition id : UX DEVICE CLASS RTOS Condition cause : null
2025-06-07 13:12:56,987 [WARN] PackLoader:240 - Cannot read IP mode file for STMicroelectronics.X-CUBE-GNSS1.7.0.1
2025-06-07 13:12:56,991 [WARN] PackLoader:240 - Cannot read IP mode file for STMicroelectronics.X-CUBE-TOUCHGFX.4.25.0
2025-06-07 13:12:56,995 [WARN] PackLoader:240 - Cannot read IP mode file for STMicroelectronics.FP-SNS-STBOX1.2.0.0
2025-06-07 13:12:57,003 [WARN] PackLoader:240 - Cannot read IP mode file for STMicroelectronics.X-CUBE-SUBG2.5.0.0
2025-06-07 13:12:57,016 [WARN] PackLoader:240 - Cannot read IP mode file for STMicroelectronics.X-CUBE-AZRTOS-H7RS.1.1.0
2025-06-07 13:12:57,021 [WARN] PackLoader:240 - Cannot read IP mode file for Cesanta.I-CUBE-Mongoose.7.13.0
2025-06-07 13:12:57,039 [WARN] PackLoader:240 - Cannot read IP mode file for STMicroelectronics.X-CUBE-AZRTOS-G4.2.0.0
2025-06-07 13:12:57,042 [WARN] PackLoader:240 - Cannot read IP mode file for wolfSSL.I-CUBE-wolfSSH.1.4.20
2025-06-07 13:12:57,045 [WARN] PackLoader:240 - Cannot read IP mode file for STMicroelectronics.X-CUBE-NFC7.2.0.0
2025-06-07 13:12:57,054 [WARN] PackLoader:240 - Cannot read IP mode file for STMicroelectronics.X-CUBE-IPS.3.1.0
2025-06-07 13:12:57,060 [WARN] PackLoader:240 - Cannot read IP mode file for STMicroelectronics.X-CUBE-ALS.1.0.2
2025-06-07 13:12:57,065 [WARN] PackLoader:240 - Cannot read IP mode file for portGmbH.I-Cube-SoM-uGOAL.1.1.0
2025-06-07 13:12:57,072 [WARN] PackLoader:240 - Cannot read IP mode file for STMicroelectronics.X-CUBE-TOF1.3.4.3
2025-06-07 13:12:57,078 [INFO] ThirdParty:978 - Integrity check success = true
2025-06-07 13:12:57,078 [INFO] IntegrityCheckThread:100 - exiting critical section [integrity check]
2025-06-07 13:12:57,078 [INFO] IntegrityCheckThread:103 - End integrity checks thread
